{"/Users/baps/Projects/react-native/Exercise/App.js": {"path":"/Users/baps/Projects/react-native/Exercise/App.js","statementMap":{"0":{"start":{"line":17,"column":39},"end":{"line":17,"column":74}},"1":{"start":{"line":19,"column":14},"end":{"line":19,"column":54}},"2":{"start":{"line":21,"column":12},"end":{"line":33,"column":1}},"3":{"start":{"line":22,"column":2},"end":{"line":32,"column":4}},"4":{"start":{"line":35,"column":15},"end":{"line":40,"column":2}}},"fnMap":{"0":{"name":"(anonymous_0)","decl":{"start":{"line":21,"column":12},"end":{"line":21,"column":13}},"loc":{"start":{"line":21,"column":18},"end":{"line":33,"column":1}},"line":21}},"branchMap":{},"s":{"0":1,"1":1,"2":1,"3":1,"4":1},"f":{"0":1},"b":{},"_coverageSchema":"1a1c01bbd47fc00a2c39e90264f33305004495a9","hash":"e9d45be3a1e1b4ba2ad1e66934091b46fa251a44"}
,"/Users/baps/Projects/react-native/Exercise/Actions/AppActions.js": {"path":"/Users/baps/Projects/react-native/Exercise/Actions/AppActions.js","statementMap":{"0":{"start":{"line":4,"column":26},"end":{"line":8,"column":1}},"1":{"start":{"line":5,"column":2},"end":{"line":7,"column":4}},"2":{"start":{"line":10,"column":33},"end":{"line":15,"column":1}},"3":{"start":{"line":11,"column":2},"end":{"line":14,"column":4}},"4":{"start":{"line":17,"column":32},"end":{"line":21,"column":1}},"5":{"start":{"line":18,"column":2},"end":{"line":20,"column":4}},"6":{"start":{"line":23,"column":33},"end":{"line":33,"column":1}},"7":{"start":{"line":24,"column":2},"end":{"line":32,"column":4}},"8":{"start":{"line":25,"column":4},"end":{"line":25,"column":27}},"9":{"start":{"line":26,"column":15},"end":{"line":26,"column":40}},"10":{"start":{"line":27,"column":4},"end":{"line":31,"column":5}},"11":{"start":{"line":28,"column":6},"end":{"line":28,"column":40}},"12":{"start":{"line":30,"column":6},"end":{"line":30,"column":35}}},"fnMap":{"0":{"name":"(anonymous_0)","decl":{"start":{"line":4,"column":26},"end":{"line":4,"column":27}},"loc":{"start":{"line":4,"column":32},"end":{"line":8,"column":1}},"line":4},"1":{"name":"(anonymous_1)","decl":{"start":{"line":10,"column":33},"end":{"line":10,"column":34}},"loc":{"start":{"line":10,"column":43},"end":{"line":15,"column":1}},"line":10},"2":{"name":"(anonymous_2)","decl":{"start":{"line":17,"column":32},"end":{"line":17,"column":33}},"loc":{"start":{"line":17,"column":38},"end":{"line":21,"column":1}},"line":17},"3":{"name":"(anonymous_3)","decl":{"start":{"line":23,"column":33},"end":{"line":23,"column":34}},"loc":{"start":{"line":23,"column":43},"end":{"line":33,"column":1}},"line":23},"4":{"name":"(anonymous_4)","decl":{"start":{"line":24,"column":9},"end":{"line":24,"column":10}},"loc":{"start":{"line":24,"column":29},"end":{"line":32,"column":3}},"line":24}},"branchMap":{"0":{"loc":{"start":{"line":27,"column":4},"end":{"line":31,"column":5}},"type":"if","locations":[{"start":{"line":27,"column":4},"end":{"line":31,"column":5}},{"start":{"line":27,"column":4},"end":{"line":31,"column":5}}],"line":27}},"s":{"0":3,"1":2,"2":3,"3":1,"4":3,"5":1,"6":3,"7":4,"8":1,"9":1,"10":0,"11":0,"12":0},"f":{"0":2,"1":1,"2":1,"3":4,"4":1},"b":{"0":[0,0]},"_coverageSchema":"1a1c01bbd47fc00a2c39e90264f33305004495a9","hash":"8bd7b979b63e31b05e9202113c99b79dc2fe4391"}
,"/Users/baps/Projects/react-native/Exercise/Actions/index.js": {"path":"/Users/baps/Projects/react-native/Exercise/Actions/index.js","statementMap":{},"fnMap":{},"branchMap":{},"s":{},"f":{},"b":{},"_coverageSchema":"1a1c01bbd47fc00a2c39e90264f33305004495a9","hash":"7e23a4e451e64a1018f6a3fc7d82fad57d250a85"}
,"/Users/baps/Projects/react-native/Exercise/Components/BulletsContainerComponent.js": {"path":"/Users/baps/Projects/react-native/Exercise/Components/BulletsContainerComponent.js","statementMap":{"0":{"start":{"line":5,"column":25},"end":{"line":20,"column":1}},"1":{"start":{"line":6,"column":2},"end":{"line":19,"column":3}},"2":{"start":{"line":7,"column":4},"end":{"line":16,"column":7}},"3":{"start":{"line":8,"column":6},"end":{"line":15,"column":8}},"4":{"start":{"line":18,"column":4},"end":{"line":18,"column":16}},"5":{"start":{"line":22,"column":15},"end":{"line":30,"column":2}}},"fnMap":{"0":{"name":"(anonymous_0)","decl":{"start":{"line":5,"column":25},"end":{"line":5,"column":26}},"loc":{"start":{"line":5,"column":67},"end":{"line":20,"column":1}},"line":5},"1":{"name":"(anonymous_1)","decl":{"start":{"line":7,"column":22},"end":{"line":7,"column":23}},"loc":{"start":{"line":7,"column":39},"end":{"line":16,"column":5}},"line":7}},"branchMap":{"0":{"loc":{"start":{"line":6,"column":2},"end":{"line":19,"column":3}},"type":"if","locations":[{"start":{"line":6,"column":2},"end":{"line":19,"column":3}},{"start":{"line":6,"column":2},"end":{"line":19,"column":3}}],"line":6},"1":{"loc":{"start":{"line":12,"column":17},"end":{"line":12,"column":54}},"type":"cond-expr","locations":[{"start":{"line":12,"column":42},"end":{"line":12,"column":46}},{"start":{"line":12,"column":49},"end":{"line":12,"column":54}}],"line":12}},"s":{"0":4,"1":9,"2":4,"3":30,"4":5,"5":4},"f":{"0":9,"1":30},"b":{"0":[4,5],"1":[3,27]},"_coverageSchema":"1a1c01bbd47fc00a2c39e90264f33305004495a9","hash":"f7d9d10567e065f7a9ad6a0b13a4579359a67dd4"}
,"/Users/baps/Projects/react-native/Exercise/Components/ImageSliderComponent.js": {"path":"/Users/baps/Projects/react-native/Exercise/Components/ImageSliderComponent.js","statementMap":{"0":{"start":{"line":7,"column":11},"end":{"line":7,"column":22}},"1":{"start":{"line":9,"column":4},"end":{"line":9,"column":17}},"2":{"start":{"line":10,"column":4},"end":{"line":12,"column":6}},"3":{"start":{"line":14,"column":27},"end":{"line":19,"column":3}},"4":{"start":{"line":15,"column":4},"end":{"line":18,"column":5}},"5":{"start":{"line":16,"column":6},"end":{"line":16,"column":47}},"6":{"start":{"line":17,"column":6},"end":{"line":17,"column":60}},"7":{"start":{"line":20,"column":16},"end":{"line":25,"column":3}},"8":{"start":{"line":21,"column":4},"end":{"line":24,"column":7}},"9":{"start":{"line":26,"column":23},"end":{"line":36,"column":3}},"10":{"start":{"line":27,"column":4},"end":{"line":35,"column":6}},"11":{"start":{"line":38,"column":4},"end":{"line":63,"column":6}},"12":{"start":{"line":52,"column":43},"end":{"line":52,"column":59}},"13":{"start":{"line":67,"column":15},"end":{"line":78,"column":2}}},"fnMap":{"0":{"name":"(anonymous_0)","decl":{"start":{"line":8,"column":2},"end":{"line":8,"column":3}},"loc":{"start":{"line":8,"column":21},"end":{"line":13,"column":3}},"line":8},"1":{"name":"(anonymous_1)","decl":{"start":{"line":14,"column":27},"end":{"line":14,"column":28}},"loc":{"start":{"line":14,"column":48},"end":{"line":19,"column":3}},"line":14},"2":{"name":"(anonymous_2)","decl":{"start":{"line":20,"column":16},"end":{"line":20,"column":17}},"loc":{"start":{"line":20,"column":27},"end":{"line":25,"column":3}},"line":20},"3":{"name":"(anonymous_3)","decl":{"start":{"line":26,"column":23},"end":{"line":26,"column":24}},"loc":{"start":{"line":26,"column":35},"end":{"line":36,"column":3}},"line":26},"4":{"name":"(anonymous_4)","decl":{"start":{"line":37,"column":2},"end":{"line":37,"column":3}},"loc":{"start":{"line":37,"column":11},"end":{"line":64,"column":3}},"line":37},"5":{"name":"(anonymous_5)","decl":{"start":{"line":52,"column":26},"end":{"line":52,"column":27}},"loc":{"start":{"line":52,"column":43},"end":{"line":52,"column":59}},"line":52}},"branchMap":{"0":{"loc":{"start":{"line":15,"column":4},"end":{"line":18,"column":5}},"type":"if","locations":[{"start":{"line":15,"column":4},"end":{"line":18,"column":5}},{"start":{"line":15,"column":4},"end":{"line":18,"column":5}}],"line":15}},"s":{"0":5,"1":5,"2":5,"3":5,"4":0,"5":0,"6":0,"7":5,"8":0,"9":5,"10":20,"11":8,"12":26,"13":3},"f":{"0":5,"1":0,"2":0,"3":20,"4":8,"5":26},"b":{"0":[0,0]},"_coverageSchema":"1a1c01bbd47fc00a2c39e90264f33305004495a9","hash":"da10ea45d22b29a109beba601c6da08c2bdecc83"}
,"/Users/baps/Projects/react-native/Exercise/Components/SlidesComponent.js": {"path":"/Users/baps/Projects/react-native/Exercise/Components/SlidesComponent.js","statementMap":{"0":{"start":{"line":4,"column":15},"end":{"line":24,"column":1}},"1":{"start":{"line":11,"column":2},"end":{"line":23,"column":4}},"2":{"start":{"line":26,"column":15},"end":{"line":31,"column":2}}},"fnMap":{"0":{"name":"(anonymous_0)","decl":{"start":{"line":4,"column":15},"end":{"line":4,"column":16}},"loc":{"start":{"line":10,"column":6},"end":{"line":24,"column":1}},"line":10}},"branchMap":{},"s":{"0":4,"1":21,"2":4},"f":{"0":21},"b":{},"_coverageSchema":"1a1c01bbd47fc00a2c39e90264f33305004495a9","hash":"895a707ddde36787957a6c9f5b221c89bdd8bb83"}
,"/Users/baps/Projects/react-native/Exercise/Reducers/AppReducer.js": {"path":"/Users/baps/Projects/react-native/Exercise/Reducers/AppReducer.js","statementMap":{"0":{"start":{"line":3,"column":21},"end":{"line":6,"column":1}},"1":{"start":{"line":9,"column":2},"end":{"line":18,"column":3}},"2":{"start":{"line":11,"column":6},"end":{"line":11,"column":39}},"3":{"start":{"line":13,"column":6},"end":{"line":13,"column":64}},"4":{"start":{"line":15,"column":6},"end":{"line":15,"column":40}},"5":{"start":{"line":17,"column":6},"end":{"line":17,"column":19}}},"fnMap":{"0":{"name":"(anonymous_0)","decl":{"start":{"line":8,"column":15},"end":{"line":8,"column":16}},"loc":{"start":{"line":8,"column":49},"end":{"line":19,"column":1}},"line":8}},"branchMap":{"0":{"loc":{"start":{"line":8,"column":16},"end":{"line":8,"column":36}},"type":"default-arg","locations":[{"start":{"line":8,"column":24},"end":{"line":8,"column":36}}],"line":8},"1":{"loc":{"start":{"line":9,"column":2},"end":{"line":18,"column":3}},"type":"switch","locations":[{"start":{"line":10,"column":4},"end":{"line":11,"column":39}},{"start":{"line":12,"column":4},"end":{"line":13,"column":64}},{"start":{"line":14,"column":4},"end":{"line":15,"column":40}},{"start":{"line":16,"column":4},"end":{"line":17,"column":19}}],"line":9}},"s":{"0":2,"1":7,"2":2,"3":1,"4":1,"5":3},"f":{"0":7},"b":{"0":[6],"1":[2,1,1,3]},"_coverageSchema":"1a1c01bbd47fc00a2c39e90264f33305004495a9","hash":"b9fbc53badb0ae31ba5c20745edad5854e2418da"}
,"/Users/baps/Projects/react-native/Exercise/Reducers/index.js": {"path":"/Users/baps/Projects/react-native/Exercise/Reducers/index.js","statementMap":{},"fnMap":{},"branchMap":{},"s":{},"f":{},"b":{},"_coverageSchema":"1a1c01bbd47fc00a2c39e90264f33305004495a9","hash":"56e089553233a413be346aae541f05acfd1b17ab"}
,"/Users/baps/Projects/react-native/Exercise/Screens/Slider.js": {"path":"/Users/baps/Projects/react-native/Exercise/Screens/Slider.js","statementMap":{"0":{"start":{"line":16,"column":4},"end":{"line":16,"column":17}},"1":{"start":{"line":17,"column":4},"end":{"line":20,"column":6}},"2":{"start":{"line":23,"column":12},"end":{"line":25,"column":3}},"3":{"start":{"line":24,"column":4},"end":{"line":24,"column":37}},"4":{"start":{"line":26,"column":14},"end":{"line":30,"column":3}},"5":{"start":{"line":27,"column":4},"end":{"line":27,"column":44}},"6":{"start":{"line":28,"column":23},"end":{"line":28,"column":79}},"7":{"start":{"line":29,"column":4},"end":{"line":29,"column":67}},"8":{"start":{"line":32,"column":4},"end":{"line":37,"column":5}},"9":{"start":{"line":33,"column":25},"end":{"line":35,"column":7}},"10":{"start":{"line":36,"column":6},"end":{"line":36,"column":50}},"11":{"start":{"line":40,"column":4},"end":{"line":40,"column":19}},"12":{"start":{"line":43,"column":4},"end":{"line":72,"column":6}},"13":{"start":{"line":50,"column":31},"end":{"line":50,"column":47}},"14":{"start":{"line":76,"column":15},"end":{"line":116,"column":2}},"15":{"start":{"line":118,"column":24},"end":{"line":120,"column":1}},"16":{"start":{"line":119,"column":2},"end":{"line":119,"column":15}}},"fnMap":{"0":{"name":"(anonymous_0)","decl":{"start":{"line":15,"column":2},"end":{"line":15,"column":3}},"loc":{"start":{"line":15,"column":21},"end":{"line":21,"column":3}},"line":15},"1":{"name":"(anonymous_1)","decl":{"start":{"line":23,"column":12},"end":{"line":23,"column":13}},"loc":{"start":{"line":23,"column":24},"end":{"line":25,"column":3}},"line":23},"2":{"name":"(anonymous_2)","decl":{"start":{"line":26,"column":14},"end":{"line":26,"column":15}},"loc":{"start":{"line":26,"column":26},"end":{"line":30,"column":3}},"line":26},"3":{"name":"(anonymous_3)","decl":{"start":{"line":31,"column":2},"end":{"line":31,"column":3}},"loc":{"start":{"line":31,"column":38},"end":{"line":38,"column":3}},"line":31},"4":{"name":"(anonymous_4)","decl":{"start":{"line":39,"column":2},"end":{"line":39,"column":3}},"loc":{"start":{"line":39,"column":22},"end":{"line":41,"column":3}},"line":39},"5":{"name":"(anonymous_5)","decl":{"start":{"line":42,"column":2},"end":{"line":42,"column":3}},"loc":{"start":{"line":42,"column":11},"end":{"line":73,"column":3}},"line":42},"6":{"name":"(anonymous_6)","decl":{"start":{"line":50,"column":25},"end":{"line":50,"column":26}},"loc":{"start":{"line":50,"column":31},"end":{"line":50,"column":47}},"line":50},"7":{"name":"(anonymous_7)","decl":{"start":{"line":118,"column":24},"end":{"line":118,"column":25}},"loc":{"start":{"line":118,"column":35},"end":{"line":120,"column":1}},"line":118}},"branchMap":{"0":{"loc":{"start":{"line":32,"column":4},"end":{"line":37,"column":5}},"type":"if","locations":[{"start":{"line":32,"column":4},"end":{"line":37,"column":5}},{"start":{"line":32,"column":4},"end":{"line":37,"column":5}}],"line":32},"1":{"loc":{"start":{"line":53,"column":11},"end":{"line":69,"column":11}},"type":"cond-expr","locations":[{"start":{"line":54,"column":12},"end":{"line":58,"column":14}},{"start":{"line":60,"column":12},"end":{"line":68,"column":14}}],"line":53}},"s":{"0":4,"1":4,"2":4,"3":4,"4":4,"5":1,"6":1,"7":1,"8":5,"9":1,"10":1,"11":4,"12":8,"13":0,"14":2,"15":2,"16":5},"f":{"0":4,"1":4,"2":1,"3":5,"4":4,"5":8,"6":0,"7":5},"b":{"0":[1,4],"1":[1,7]},"_coverageSchema":"1a1c01bbd47fc00a2c39e90264f33305004495a9","hash":"9fa848b659afa013a9b0109b43dd772675ff6d84"}
,"/Users/baps/Projects/react-native/Exercise/Services/Api.js": {"path":"/Users/baps/Projects/react-native/Exercise/Services/Api.js","statementMap":{"0":{"start":{"line":6,"column":8},"end":{"line":6,"column":12}},"1":{"start":{"line":8,"column":18},"end":{"line":8,"column":34}},"2":{"start":{"line":9,"column":4},"end":{"line":16,"column":7}},"3":{"start":{"line":19,"column":17},"end":{"line":26,"column":3}},"4":{"start":{"line":20,"column":4},"end":{"line":25,"column":5}},"5":{"start":{"line":21,"column":6},"end":{"line":21,"column":29}},"6":{"start":{"line":23,"column":6},"end":{"line":23,"column":69}},"7":{"start":{"line":24,"column":6},"end":{"line":24,"column":21}},"8":{"start":{"line":28,"column":8},"end":{"line":38,"column":3}},"9":{"start":{"line":29,"column":4},"end":{"line":37,"column":5}},"10":{"start":{"line":30,"column":6},"end":{"line":34,"column":9}},"11":{"start":{"line":31,"column":8},"end":{"line":33,"column":11}},"12":{"start":{"line":32,"column":10},"end":{"line":32,"column":47}},"13":{"start":{"line":36,"column":6},"end":{"line":36,"column":59}},"14":{"start":{"line":41,"column":10},"end":{"line":41,"column":20}}},"fnMap":{"0":{"name":"(anonymous_0)","decl":{"start":{"line":7,"column":2},"end":{"line":7,"column":3}},"loc":{"start":{"line":7,"column":16},"end":{"line":17,"column":3}},"line":7},"1":{"name":"(anonymous_1)","decl":{"start":{"line":19,"column":17},"end":{"line":19,"column":18}},"loc":{"start":{"line":19,"column":46},"end":{"line":26,"column":3}},"line":19},"2":{"name":"(anonymous_2)","decl":{"start":{"line":28,"column":8},"end":{"line":28,"column":9}},"loc":{"start":{"line":28,"column":29},"end":{"line":38,"column":3}},"line":28},"3":{"name":"(anonymous_3)","decl":{"start":{"line":30,"column":25},"end":{"line":30,"column":26}},"loc":{"start":{"line":30,"column":44},"end":{"line":34,"column":7}},"line":30},"4":{"name":"(anonymous_4)","decl":{"start":{"line":31,"column":37},"end":{"line":31,"column":38}},"loc":{"start":{"line":31,"column":51},"end":{"line":33,"column":9}},"line":31}},"branchMap":{"0":{"loc":{"start":{"line":20,"column":4},"end":{"line":25,"column":5}},"type":"if","locations":[{"start":{"line":20,"column":4},"end":{"line":25,"column":5}},{"start":{"line":20,"column":4},"end":{"line":25,"column":5}}],"line":20},"1":{"loc":{"start":{"line":29,"column":4},"end":{"line":37,"column":5}},"type":"if","locations":[{"start":{"line":29,"column":4},"end":{"line":37,"column":5}},{"start":{"line":29,"column":4},"end":{"line":37,"column":5}}],"line":29}},"s":{"0":4,"1":4,"2":4,"3":4,"4":2,"5":1,"6":1,"7":1,"8":4,"9":1,"10":0,"11":0,"12":0,"13":0,"14":4},"f":{"0":4,"1":2,"2":1,"3":0,"4":0},"b":{"0":[1,1],"1":[0,0]},"_coverageSchema":"1a1c01bbd47fc00a2c39e90264f33305004495a9","hash":"3691a9d9661bb0d58926c6a79dfca399baf70fe8"}
,"/Users/baps/Projects/react-native/Exercise/Services/AppApi.js": {"path":"/Users/baps/Projects/react-native/Exercise/Services/AppApi.js","statementMap":{"0":{"start":{"line":3,"column":29},"end":{"line":5,"column":1}},"1":{"start":{"line":4,"column":2},"end":{"line":4,"column":37}}},"fnMap":{"0":{"name":"(anonymous_0)","decl":{"start":{"line":3,"column":29},"end":{"line":3,"column":30}},"loc":{"start":{"line":3,"column":45},"end":{"line":5,"column":1}},"line":3}},"branchMap":{},"s":{"0":3,"1":1},"f":{"0":1},"b":{},"_coverageSchema":"1a1c01bbd47fc00a2c39e90264f33305004495a9","hash":"fcee3f6df760d9e129fead81c4a41f169dea2f28"}
,"/Users/baps/Projects/react-native/Exercise/Utilities/CommonMethods.js": {"path":"/Users/baps/Projects/react-native/Exercise/Utilities/CommonMethods.js","statementMap":{"0":{"start":{"line":6,"column":25},"end":{"line":8,"column":3}},"1":{"start":{"line":7,"column":4},"end":{"line":7,"column":53}},"2":{"start":{"line":9,"column":23},"end":{"line":22,"column":3}},"3":{"start":{"line":10,"column":4},"end":{"line":21,"column":6}},"4":{"start":{"line":23,"column":21},"end":{"line":36,"column":3}},"5":{"start":{"line":24,"column":4},"end":{"line":35,"column":6}},"6":{"start":{"line":37,"column":20},"end":{"line":59,"column":3}},"7":{"start":{"line":38,"column":16},"end":{"line":38,"column":29}},"8":{"start":{"line":39,"column":24},"end":{"line":39,"column":26}},"9":{"start":{"line":40,"column":23},"end":{"line":40,"column":25}},"10":{"start":{"line":41,"column":4},"end":{"line":53,"column":5}},"11":{"start":{"line":41,"column":17},"end":{"line":41,"column":18}},"12":{"start":{"line":42,"column":14},"end":{"line":42,"column":51}},"13":{"start":{"line":43,"column":6},"end":{"line":49,"column":7}},"14":{"start":{"line":44,"column":8},"end":{"line":44,"column":30}},"15":{"start":{"line":45,"column":21},"end":{"line":45,"column":30}},"16":{"start":{"line":46,"column":8},"end":{"line":47,"column":61}},"17":{"start":{"line":48,"column":8},"end":{"line":48,"column":34}},"18":{"start":{"line":50,"column":6},"end":{"line":52,"column":7}},"19":{"start":{"line":51,"column":8},"end":{"line":51,"column":14}},"20":{"start":{"line":54,"column":4},"end":{"line":58,"column":5}},"21":{"start":{"line":55,"column":6},"end":{"line":55,"column":26}},"22":{"start":{"line":57,"column":6},"end":{"line":57,"column":35}},"23":{"start":{"line":61,"column":22},"end":{"line":61,"column":41}}},"fnMap":{"0":{"name":"(anonymous_0)","decl":{"start":{"line":6,"column":25},"end":{"line":6,"column":26}},"loc":{"start":{"line":6,"column":37},"end":{"line":8,"column":3}},"line":6},"1":{"name":"(anonymous_1)","decl":{"start":{"line":9,"column":23},"end":{"line":9,"column":24}},"loc":{"start":{"line":9,"column":36},"end":{"line":22,"column":3}},"line":9},"2":{"name":"(anonymous_2)","decl":{"start":{"line":23,"column":21},"end":{"line":23,"column":22}},"loc":{"start":{"line":23,"column":34},"end":{"line":36,"column":3}},"line":23},"3":{"name":"(anonymous_3)","decl":{"start":{"line":37,"column":20},"end":{"line":37,"column":21}},"loc":{"start":{"line":37,"column":32},"end":{"line":59,"column":3}},"line":37}},"branchMap":{"0":{"loc":{"start":{"line":43,"column":6},"end":{"line":49,"column":7}},"type":"if","locations":[{"start":{"line":43,"column":6},"end":{"line":49,"column":7}},{"start":{"line":43,"column":6},"end":{"line":49,"column":7}}],"line":43},"1":{"loc":{"start":{"line":43,"column":10},"end":{"line":43,"column":63}},"type":"binary-expr","locations":[{"start":{"line":43,"column":10},"end":{"line":43,"column":36}},{"start":{"line":43,"column":40},"end":{"line":43,"column":63}}],"line":43},"2":{"loc":{"start":{"line":50,"column":6},"end":{"line":52,"column":7}},"type":"if","locations":[{"start":{"line":50,"column":6},"end":{"line":52,"column":7}},{"start":{"line":50,"column":6},"end":{"line":52,"column":7}}],"line":50},"3":{"loc":{"start":{"line":54,"column":4},"end":{"line":58,"column":5}},"type":"if","locations":[{"start":{"line":54,"column":4},"end":{"line":58,"column":5}},{"start":{"line":54,"column":4},"end":{"line":58,"column":5}}],"line":54}},"s":{"0":5,"1":1,"2":5,"3":1,"4":5,"5":2,"6":5,"7":3,"8":3,"9":3,"10":3,"11":3,"12":19,"13":19,"14":15,"15":15,"16":15,"17":15,"18":19,"19":3,"20":3,"21":3,"22":0,"23":5},"f":{"0":1,"1":1,"2":2,"3":3},"b":{"0":[15,4],"1":[19,15],"2":[3,16],"3":[3,0]},"_coverageSchema":"1a1c01bbd47fc00a2c39e90264f33305004495a9","hash":"f61b7dff705857022fd1f86cd13944f8993a8062"}
,"/Users/baps/Projects/react-native/Exercise/Utilities/Constant.js": {"path":"/Users/baps/Projects/react-native/Exercise/Utilities/Constant.js","statementMap":{"0":{"start":{"line":1,"column":24},"end":{"line":8,"column":1}}},"fnMap":{},"branchMap":{},"s":{"0":6},"f":{},"b":{},"_coverageSchema":"1a1c01bbd47fc00a2c39e90264f33305004495a9","hash":"7124e6f4a11a7dabe53ad38c35bada28d3d6cbe6"}
}
