TN:
SF:App.js
FN:21,(anonymous_0)
FNF:1
FNH:1
FNDA:1,(anonymous_0)
DA:17,1
DA:19,1
DA:21,1
DA:22,1
DA:35,1
LF:5
LH:5
BRF:0
BRH:0
end_of_record
TN:
SF:Actions/AppActions.js
FN:4,(anonymous_0)
FN:10,(anonymous_1)
FN:17,(anonymous_2)
FN:23,(anonymous_3)
FN:24,(anonymous_4)
FNF:5
FNH:5
FNDA:2,(anonymous_0)
FNDA:1,(anonymous_1)
FNDA:1,(anonymous_2)
FNDA:4,(anonymous_3)
FNDA:1,(anonymous_4)
DA:4,3
DA:5,2
DA:10,3
DA:11,1
DA:17,3
DA:18,1
DA:23,3
DA:24,4
DA:25,1
DA:26,1
DA:27,0
DA:28,0
DA:30,0
LF:13
LH:10
BRDA:27,0,0,0
BRDA:27,0,1,0
BRF:2
BRH:0
end_of_record
TN:
SF:Actions/index.js
FNF:0
FNH:0
LF:0
LH:0
BRF:0
BRH:0
end_of_record
TN:
SF:Components/BulletsContainerComponent.js
FN:5,(anonymous_0)
FN:7,(anonymous_1)
FNF:2
FNH:2
FNDA:9,(anonymous_0)
FNDA:30,(anonymous_1)
DA:5,4
DA:6,9
DA:7,4
DA:8,30
DA:18,5
DA:22,4
LF:6
LH:6
BRDA:6,0,0,4
BRDA:6,0,1,5
BRDA:12,1,0,3
BRDA:12,1,1,27
BRF:4
BRH:4
end_of_record
TN:
SF:Components/ImageSliderComponent.js
FN:8,(anonymous_0)
FN:14,(anonymous_1)
FN:20,(anonymous_2)
FN:26,(anonymous_3)
FN:37,(anonymous_4)
FN:52,(anonymous_5)
FNF:6
FNH:4
FNDA:5,(anonymous_0)
FNDA:0,(anonymous_1)
FNDA:0,(anonymous_2)
FNDA:20,(anonymous_3)
FNDA:8,(anonymous_4)
FNDA:26,(anonymous_5)
DA:7,5
DA:9,5
DA:10,5
DA:14,5
DA:15,0
DA:16,0
DA:17,0
DA:20,5
DA:21,0
DA:26,5
DA:27,20
DA:38,8
DA:52,26
DA:67,3
LF:14
LH:10
BRDA:15,0,0,0
BRDA:15,0,1,0
BRF:2
BRH:0
end_of_record
TN:
SF:Components/SlidesComponent.js
FN:4,(anonymous_0)
FNF:1
FNH:1
FNDA:21,(anonymous_0)
DA:4,4
DA:11,21
DA:26,4
LF:3
LH:3
BRF:0
BRH:0
end_of_record
TN:
SF:Reducers/AppReducer.js
FN:8,(anonymous_0)
FNF:1
FNH:1
FNDA:7,(anonymous_0)
DA:3,2
DA:9,7
DA:11,2
DA:13,1
DA:15,1
DA:17,3
LF:6
LH:6
BRDA:8,0,0,6
BRDA:9,1,0,2
BRDA:9,1,1,1
BRDA:9,1,2,1
BRDA:9,1,3,3
BRF:5
BRH:5
end_of_record
TN:
SF:Reducers/index.js
FNF:0
FNH:0
LF:0
LH:0
BRF:0
BRH:0
end_of_record
TN:
SF:Screens/Slider.js
FN:15,(anonymous_0)
FN:23,(anonymous_1)
FN:26,(anonymous_2)
FN:31,(anonymous_3)
FN:39,(anonymous_4)
FN:42,(anonymous_5)
FN:50,(anonymous_6)
FN:118,(anonymous_7)
FNF:8
FNH:7
FNDA:4,(anonymous_0)
FNDA:4,(anonymous_1)
FNDA:1,(anonymous_2)
FNDA:5,(anonymous_3)
FNDA:4,(anonymous_4)
FNDA:8,(anonymous_5)
FNDA:0,(anonymous_6)
FNDA:5,(anonymous_7)
DA:16,4
DA:17,4
DA:23,4
DA:24,4
DA:26,4
DA:27,1
DA:28,1
DA:29,1
DA:32,5
DA:33,1
DA:36,1
DA:40,4
DA:43,8
DA:50,0
DA:76,2
DA:118,2
DA:119,5
LF:17
LH:16
BRDA:32,0,0,1
BRDA:32,0,1,4
BRDA:53,1,0,1
BRDA:53,1,1,7
BRF:4
BRH:4
end_of_record
TN:
SF:Services/Api.js
FN:7,(anonymous_0)
FN:19,(anonymous_1)
FN:28,(anonymous_2)
FN:30,(anonymous_3)
FN:31,(anonymous_4)
FNF:5
FNH:3
FNDA:4,(anonymous_0)
FNDA:2,(anonymous_1)
FNDA:1,(anonymous_2)
FNDA:0,(anonymous_3)
FNDA:0,(anonymous_4)
DA:6,4
DA:8,4
DA:9,4
DA:19,4
DA:20,2
DA:21,1
DA:23,1
DA:24,1
DA:28,4
DA:29,1
DA:30,0
DA:31,0
DA:32,0
DA:36,0
DA:41,4
LF:15
LH:11
BRDA:20,0,0,1
BRDA:20,0,1,1
BRDA:29,1,0,0
BRDA:29,1,1,0
BRF:4
BRH:2
end_of_record
TN:
SF:Services/AppApi.js
FN:3,(anonymous_0)
FNF:1
FNH:1
FNDA:1,(anonymous_0)
DA:3,3
DA:4,1
LF:2
LH:2
BRF:0
BRH:0
end_of_record
TN:
SF:Utilities/CommonMethods.js
FN:6,(anonymous_0)
FN:9,(anonymous_1)
FN:23,(anonymous_2)
FN:37,(anonymous_3)
FNF:4
FNH:4
FNDA:1,(anonymous_0)
FNDA:1,(anonymous_1)
FNDA:2,(anonymous_2)
FNDA:3,(anonymous_3)
DA:6,5
DA:7,1
DA:9,5
DA:10,1
DA:23,5
DA:24,2
DA:37,5
DA:38,3
DA:39,3
DA:40,3
DA:41,3
DA:42,19
DA:43,19
DA:44,15
DA:45,15
DA:46,15
DA:48,15
DA:50,19
DA:51,3
DA:54,3
DA:55,3
DA:57,0
DA:61,5
LF:23
LH:22
BRDA:43,0,0,15
BRDA:43,0,1,4
BRDA:43,1,0,19
BRDA:43,1,1,15
BRDA:50,2,0,3
BRDA:50,2,1,16
BRDA:54,3,0,3
BRDA:54,3,1,0
BRF:8
BRH:7
end_of_record
TN:
SF:Utilities/Constant.js
FNF:0
FNH:0
DA:1,6
LF:1
LH:1
BRF:0
BRH:0
end_of_record
